{"/Users/e3cd/CODE/JAVASCRIPT/TDD/tests-lesson/app.js": {"path":"/Users/e3cd/CODE/JAVASCRIPT/TDD/tests-lesson/app.js","statementMap":{"0":{"start":{"line":2,"column":2},"end":{"line":4,"column":3}},"1":{"start":{"line":3,"column":4},"end":{"line":3,"column":35}},"2":{"start":{"line":5,"column":2},"end":{"line":5,"column":15}},"3":{"start":{"line":9,"column":2},"end":{"line":11,"column":3}},"4":{"start":{"line":10,"column":4},"end":{"line":10,"column":35}},"5":{"start":{"line":12,"column":2},"end":{"line":12,"column":15}},"6":{"start":{"line":15,"column":0},"end":{"line":18,"column":2}}},"fnMap":{"0":{"name":"add","decl":{"start":{"line":1,"column":9},"end":{"line":1,"column":12}},"loc":{"start":{"line":1,"column":19},"end":{"line":6,"column":1}},"line":1},"1":{"name":"subtract","decl":{"start":{"line":8,"column":9},"end":{"line":8,"column":17}},"loc":{"start":{"line":8,"column":24},"end":{"line":13,"column":1}},"line":8}},"branchMap":{"0":{"loc":{"start":{"line":2,"column":2},"end":{"line":4,"column":3}},"type":"if","locations":[{"start":{"line":2,"column":2},"end":{"line":4,"column":3}},{"start":{"line":2,"column":2},"end":{"line":4,"column":3}}],"line":2},"1":{"loc":{"start":{"line":2,"column":6},"end":{"line":2,"column":14}},"type":"binary-expr","locations":[{"start":{"line":2,"column":6},"end":{"line":2,"column":8}},{"start":{"line":2,"column":12},"end":{"line":2,"column":14}}],"line":2},"2":{"loc":{"start":{"line":9,"column":2},"end":{"line":11,"column":3}},"type":"if","locations":[{"start":{"line":9,"column":2},"end":{"line":11,"column":3}},{"start":{"line":9,"column":2},"end":{"line":11,"column":3}}],"line":9},"3":{"loc":{"start":{"line":9,"column":6},"end":{"line":9,"column":14}},"type":"binary-expr","locations":[{"start":{"line":9,"column":6},"end":{"line":9,"column":8}},{"start":{"line":9,"column":12},"end":{"line":9,"column":14}}],"line":9}},"s":{"0":2,"1":1,"2":1,"3":2,"4":1,"5":1,"6":1},"f":{"0":2,"1":2},"b":{"0":[1,1],"1":[2,1],"2":[1,1],"3":[2,1]},"_coverageSchema":"332fd63041d2c1bcb487cc26dd0d5f7d97098a6c","hash":"93849362e71043991aafb1afe305cb56f7acb2c9"}
}
